<?xml version="1.0" encoding="UTF-8"?>
<!-- Generated by org.testng.reporters.JUnitReportReporter -->
<testsuite hostname="MD0006" name="test.Md1TestSuite" tests="2" failures="0" timestamp="25 Feb 2019 19:31:50 GMT" time="31.543" errors="0">
  <testcase name="cashWithdraw" time="15.759" classname="test.Md1TestSuite"/>
  <testcase name="cashDeposit" time="15.784" classname="test.Md1TestSuite"/>
</testsuite> <!-- test.Md1TestSuite -->
